Swap a1 and h4
Swap a2 and a7
Swap a3 and a9
Swap a4 and g5
Swap a5 and e8
Swap a6 and e5
Swap a7 and b2
Swap a8 and e9
Swap a9 and c5
Swap b1 and c2
Swap b2 and h6
Swap b3 and c6
Swap b4 and e8
Swap b5 and h6
Swap b6 and h5
Swap b7 and e3
Swap b8 and h6
Swap b9 and f6
Swap c1 and f9
Swap c2 and d1
Swap c3 and d4
Swap c4 and f5
Swap c5 and f3
Swap c6 and c8
Swap c7 and e5
Swap c8 and f6
Swap c9 and g1
Swap d1 and e8
Swap d2 and f2
Swap d3 and g6
Swap d4 and h9
Swap d5 and g6
Swap d6 and e8
Swap d7 and h7
Swap d8 and g6
Swap d9 and h2
Swap e1 and e6
Swap e2 and g7
Swap e3 and h3
Swap e4 and g7
Swap e5 and h9
Swap e6 and h5
Swap e7 and h2
Swap e8 and g5
Swap e9 and f9
Swap f1 and h9
Swap f2 and f5
Swap f3 and g8
Swap f4 and g4
Swap f5 and h3
Swap f6 and h6
Swap f7 and h5
Swap f8 and g5
Swap f9 and g5
Swap g1 and h8
Swap g2 and h5
Swap g3 and h3
Swap g4 and h3
Swap g5 and h2
Swap g6 and h4
Swap g7 and h9
Swap g8 and g9
Swap g9 and h5
Swap h1 and h8
Swap h2 and h4
Swap h3 and h7
Swap h5 and h8
Swap h6 and h9
Swap h8 and h9
Swap a1 and f2
Swap a2 and i1
Swap a3 and f4
Swap a4 and d5
Swap a5 and d3
Swap a6 and h3
Swap b1 and e4
Swap b2 and f5
Swap b3 and f2
Swap b4 and i3
Swap b5 and g1
Swap b6 and h4
Swap c1 and f2
Swap c2 and g5
Swap c3 and g4
Swap c4 and f6
Swap c5 and f2
Swap c6 and i5
Swap d1 and e5
Swap d2 and e5
Swap d3 and e4
Swap d4 and i2
Swap d5 and i5
Swap d6 and f3
Swap e1 and e2
Swap e2 and f1
Swap e3 and f4
Swap e4 and f1
Swap e5 and g5
Swap e6 and i1
Swap f1 and h4
Swap f2 and f3
Swap f3 and g1
Swap f5 and g3
Swap f6 and i2
Swap g1 and i4
Swap g2 and g4
Swap g3 and h6
Swap g4 and h1
Swap g5 and i6
Swap g6 and h5
Swap h1 and h4
Swap h2 and i2
Swap h3 and i6
Swap h4 and i4
Swap h5 and i2
Swap h6 and i6
Swap i1 and i5
Swap i2 and i5
Swap i3 and i6
Swap i4 and i5
Swap i5 and i6
