Swap a1 and d9
Swap i7 and a2
Swap i8 and b3
Swap d6 and b8
Swap g4 and c3
Swap h4 and c10
Swap h6 and c8
Swap i6 and d1
Swap f5 and d9
Swap h9 and e9
Swap f10 and e4
Swap i4 and h8
Swap d7 and f9
Swap f9 and a7
Swap c5 and b7
Swap c2 and f1
Swap f1 and a10
Swap e8 and c7
Swap e6 and b4
Swap b5 and f6
Swap d8 and c4
Swap f6 and g3
Swap g3 and a4
Swap i1 and b7
Swap i1 and a8
Swap f2 and b9
Swap f2 and c4
Swap f2 and e2
Swap d2 and e5
Swap e5 and b2
Swap f4 and b4
Swap f4 and h2
Swap h2 and a5
Swap d10 and e1
Swap g1 and c7
Swap g1 and a9
Swap f3 and e10
Swap e1 and g2
Swap g9 and i5
Swap i10 and d4
Swap i10 and h7
Swap i10 and e7
Swap g2 and h1
Swap h1 and b1
Swap g8 and e2
Swap g8 and i9
Swap i9 and a3
Swap g5 and e10
Swap g5 and h5
Swap i5 and d5
Swap i5 and h5
Swap i5 and c1
Swap a10 and a6
Swap a2 and d7
Swap a3 and i7
Swap a4 and c5
Swap a5 and c2
Swap a6 and e8
Swap a7 and e6
Swap a8 and b5
Swap a9 and d8
Swap b10 and f6
Swap b1 and i8
Swap b2 and i1
Swap b3 and d6
Swap b4 and f2
Swap b5 and f6
Swap b6 and d2
Swap b7 and d2
Swap b8 and f4
Swap b9 and d10
Swap c10 and d2
Swap c1 and f1
Swap c2 and c9
Swap c3 and g4
Swap c4 and g1
Swap c5 and h4
Swap c6 and h6
Swap c7 and h6
Swap c8 and f3
Swap c9 and d10
Swap d10 and d3
Swap d1 and i6
Swap d2 and f4
Swap d3 and f5
Swap d4 and f9
Swap d5 and g1
Swap d6 and e5
Swap d7 and e1
Swap d8 and g9
Swap d9 and i10
Swap e10 and h6
Swap e1 and f2
Swap e2 and h9
Swap e3 and g2
Swap e4 and g8
Swap e5 and f10
Swap e6 and h7
Swap e7 and i1
Swap e8 and g2
Swap e9 and g5
Swap f1 and g8
Swap f10 and g3
Swap f2 and h9
Swap f3 and h2
Swap f4 and i10
Swap f5 and h7
Swap f6 and g2
Swap f7 and f8
Swap f9 and h6
Swap g10 and h4
Swap g1 and i5
Swap g2 and h4
Swap g3 and g9
Swap g4 and h1
Swap g5 and i9
Swap g6 and h1
Swap g7 and h1
Swap g8 and h1
Swap g9 and h5
Swap h10 and i9
Swap h1 and i10
Swap h2 and h7
Swap h3 and h6
Swap h4 and i4
Swap h5 and i9
Swap h6 and i8
Swap h8 and i8
Swap h9 and i5
Swap i1 and i3
Swap i10 and i3
Swap i2 and i8
Swap i4 and i9
Swap i7 and i9
815